<?xml version="1.0" encoding="utf-8"?><testsuites name="pytest tests"><testsuite name="pytest" errors="0" failures="0" skipped="0" tests="91" time="17.955" timestamp="2026-05-10T18:13:46.735662+00:00" hostname="agent-env-7b25455d-d35a-4428-be3b-71d012185098"><testcase classname="backend.tests.test_fakturaflow" name="test_register_duplicate" time="0.474" /><testcase classname="backend.tests.test_fakturaflow" name="test_login_wrong" time="0.336" /><testcase classname="backend.tests.test_fakturaflow" name="test_login_ok" time="0.338" /><testcase classname="backend.tests.test_fakturaflow" name="test_me_requires_auth" time="0.100" /><testcase classname="backend.tests.test_fakturaflow" name="test_me_ok" time="0.052" /><testcase classname="backend.tests.test_fakturaflow" name="test_logout" time="0.383" /><testcase classname="backend.tests.test_fakturaflow" name="test_clients_list" time="0.115" /><testcase classname="backend.tests.test_fakturaflow" name="test_client_update" time="0.133" /><testcase classname="backend.tests.test_fakturaflow" name="test_invoice_get" time="0.117" /><testcase classname="backend.tests.test_fakturaflow" name="test_invoice_duplicate" time="0.054" /><testcase classname="backend.tests.test_fakturaflow" name="test_invoice_pdf" time="0.123" /><testcase classname="backend.tests.test_fakturaflow" name="test_expenses_list" time="0.118" /><testcase classname="backend.tests.test_fakturaflow" name="test_expense_update" time="0.055" /><testcase classname="backend.tests.test_fakturaflow" name="test_dashboard" time="0.054" /><testcase classname="backend.tests.test_fakturaflow" name="test_quarter_report" time="0.063" /><testcase classname="backend.tests.test_fakturaflow" name="test_year_report" time="0.083" /><testcase classname="backend.tests.test_fakturaflow" name="test_quarter_invalid" time="0.051" /><testcase classname="backend.tests.test_fakturaflow" name="test_fiscal_calendar" time="0.055" /><testcase classname="backend.tests.test_fakturaflow" name="test_settings_get_put" time="0.221" /><testcase classname="backend.tests.test_fakturaflow" name="test_search" time="0.058" /><testcase classname="backend.tests.test_fakturaflow" name="test_user_scoping" time="0.472" /><testcase classname="backend.tests.test_fakturaflow" name="test_ai_generate_concept" time="0.421" /><testcase classname="backend.tests.test_fakturaflow" name="test_ai_financial_summary" time="1.326" /><testcase classname="backend.tests.test_fakturaflow" name="test_ai_ocr_receipt" time="0.492" /><testcase classname="backend.tests.test_fakturaflow" name="test_zz_delete" time="0.160" /><testcase classname="backend.tests.test_fakturaflow_phase2" name="test_ai_ocr_pdf_accepted" time="0.867" /><testcase classname="backend.tests.test_fakturaflow_phase2" name="test_ai_ocr_invalid_format_rejected" time="0.044" /><testcase classname="backend.tests.test_fakturaflow_phase2" name="test_quotes_list" time="0.172" /><testcase classname="backend.tests.test_fakturaflow_phase2" name="test_quote_get" time="0.056" /><testcase classname="backend.tests.test_fakturaflow_phase2" name="test_quote_update" time="0.048" /><testcase classname="backend.tests.test_fakturaflow_phase2" name="test_quote_pdf" time="0.055" /><testcase classname="backend.tests.test_fakturaflow_phase2" name="test_quote_convert_creates_invoice" time="0.094" /><testcase classname="backend.tests.test_fakturaflow_phase2" name="test_quote_double_convert_rejected" time="0.046" /><testcase classname="backend.tests.test_fakturaflow_phase2" name="test_rectify_creates_negative_invoice" time="0.096" /><testcase classname="backend.tests.test_fakturaflow_phase2" name="test_payment_partial_then_full" time="0.383" /><testcase classname="backend.tests.test_fakturaflow_phase2" name="test_clients_morosos" time="0.141" /><testcase classname="backend.tests.test_fakturaflow_phase2" name="test_fiscal_projection_shape" time="0.059" /><testcase classname="backend.tests.test_fakturaflow_phase2" name="test_accounting_books_year" time="0.075" /><testcase classname="backend.tests.test_fakturaflow_phase2" name="test_accounting_books_quarter" time="0.048" /><testcase classname="backend.tests.test_fakturaflow_phase2" name="test_ai_chat_session_persistence" time="0.531" /><testcase classname="backend.tests.test_fakturaflow_phase2" name="test_user_b_cannot_access_a_quote" time="0.374" /><testcase classname="backend.tests.test_fakturaflow_phase2" name="test_user_b_cannot_access_a_invoice" time="0.047" /><testcase classname="backend.tests.test_fakturaflow_phase2" name="test_user_b_cannot_access_a_payments" time="0.048" /><testcase classname="backend.tests.test_fakturaflow_phase2" name="test_user_b_cannot_see_a_chat_history" time="0.279" /><testcase classname="backend.tests.test_fakturaflow_phase2" name="test_dashboard_still_works" time="0.052" /><testcase classname="backend.tests.test_fakturaflow_phase2" name="test_invoices_list_with_type_filter" time="0.046" /><testcase classname="backend.tests.test_fakturaflow_phase2" name="test_zz_cleanup" time="0.232" /><testcase classname="backend.tests.test_fakturaflow_phase3" name="test_list_profiles_returns_default" time="0.371" /><testcase classname="backend.tests.test_fakturaflow_phase3" name="test_update_profile" time="0.194" /><testcase classname="backend.tests.test_fakturaflow_phase3" name="test_set_default_profile" time="0.148" /><testcase classname="backend.tests.test_fakturaflow_phase3" name="test_cannot_delete_only_profile" time="0.431" /><testcase classname="backend.tests.test_fakturaflow_phase3" name="test_clients_isolated_between_profiles" time="0.190" /><testcase classname="backend.tests.test_fakturaflow_phase3" name="test_invoice_isolated_between_profiles" time="0.156" /><testcase classname="backend.tests.test_fakturaflow_phase3" name="test_expense_isolated_between_profiles" time="0.131" /><testcase classname="backend.tests.test_fakturaflow_phase3" name="test_list_projects_with_stats" time="0.098" /><testcase classname="backend.tests.test_fakturaflow_phase3" name="test_get_project_aggregate" time="0.051" /><testcase classname="backend.tests.test_fakturaflow_phase3" name="test_update_project" time="0.096" /><testcase classname="backend.tests.test_fakturaflow_phase3" name="test_list_time_entries" time="0.139" /><testcase classname="backend.tests.test_fakturaflow_phase3" name="test_convert_time_to_invoice" time="0.109" /><testcase classname="backend.tests.test_fakturaflow_phase3" name="test_tags_aggregation" time="0.232" /><testcase classname="backend.tests.test_fakturaflow_phase3" name="test_tags_on_invoice" time="0.142" /><testcase classname="backend.tests.test_fakturaflow_phase3" name="test_document_upload_list_download_delete" time="0.269" /><testcase classname="backend.tests.test_fakturaflow_phase3" name="test_document_invalid_entity_type" time="0.049" /><testcase classname="backend.tests.test_fakturaflow_phase3" name="test_modelo_303_pdf" time="0.056" /><testcase classname="backend.tests.test_fakturaflow_phase3" name="test_modelo_130_pdf" time="0.055" /><testcase classname="backend.tests.test_fakturaflow_phase3" name="test_modelo_390_pdf" time="0.054" /><testcase classname="backend.tests.test_fakturaflow_phase3" name="test_preparar_trimestre_zip" time="0.059" /><testcase classname="backend.tests.test_fakturaflow_phase3" name="test_existing_user_has_default_profile" time="0.451" /><testcase classname="backend.tests.test_fakturaflow_phase3" name="test_no_header_falls_back_to_default" time="0.049" /><testcase classname="backend.tests.test_fakturaflow_phase3" name="test_clients_have_profile_id_field" time="0.048" /><testcase classname="backend.tests.test_fakturaflow_phase3" name="test_zz_cleanup" time="0.240" /><testcase classname="backend.tests.test_fakturaflow_phase3_v2" name="test_subscription_plans_list" time="0.110" /><testcase classname="backend.tests.test_fakturaflow_phase3_v2" name="test_subscription_get_default_free" time="0.371" /><testcase classname="backend.tests.test_fakturaflow_phase3_v2" name="test_subscription_checkout_creates_session" time="0.478" /><testcase classname="backend.tests.test_fakturaflow_phase3_v2" name="test_subscription_cancel_returns_to_free" time="0.106" /><testcase classname="backend.tests.test_fakturaflow_phase3_v2" name="test_verifactu_first_invoice_zero_prev_hash" time="0.319" /><testcase classname="backend.tests.test_fakturaflow_phase3_v2" name="test_verifactu_second_invoice_chains" time="0.059" /><testcase classname="backend.tests.test_fakturaflow_phase3_v2" name="test_public_verifactu_unauthenticated" time="0.103" /><testcase classname="backend.tests.test_fakturaflow_phase3_v2" name="test_public_verifactu_unknown_uuid_404" time="0.115" /><testcase classname="backend.tests.test_fakturaflow_phase3_v2" name="test_advisor_review_returns_checks_and_ai" time="1.128" /><testcase classname="backend.tests.test_fakturaflow_phase3_v2" name="test_ocr_advanced_duplicate_detection" time="0.217" /><testcase classname="backend.tests.test_fakturaflow_phase3_v2" name="test_quote_share_returns_token_and_url" time="0.097" /><testcase classname="backend.tests.test_fakturaflow_phase3_v2" name="test_public_quote_get_unauthenticated" time="0.109" /><testcase classname="backend.tests.test_fakturaflow_phase3_v2" name="test_public_quote_action_accept_records_signature" time="0.152" /><testcase classname="backend.tests.test_fakturaflow_phase3_v2" name="test_backup_export_zip" time="0.051" /><testcase classname="backend.tests.test_fakturaflow_phase3_v2" name="test_business_health_scores" time="0.051" /><testcase classname="backend.tests.test_fakturaflow_phase3_v2" name="test_reminders_returns_list" time="0.051" /><testcase classname="backend.tests.test_fakturaflow_phase3_v2" name="test_reminders_includes_overdue_when_present" time="0.154" /><testcase classname="backend.tests.test_fakturaflow_phase3_v2" name="test_profile_scoping_subscription_and_health" time="0.203" /><testcase classname="backend.tests.test_fakturaflow_phase3_v2" name="test_phase1_endpoints_still_work" time="0.256" /><testcase classname="backend.tests.test_fakturaflow_phase3_v2" name="test_zz_cleanup" time="0.214" /></testsuite></testsuites>