<?xml version="1.0" encoding="utf-8"?><testsuites name="pytest tests"><testsuite name="pytest" errors="0" failures="0" skipped="0" tests="24" time="4.241" timestamp="2026-05-10T17:52:10.976005+00:00" hostname="agent-env-7b25455d-d35a-4428-be3b-71d012185098"><testcase classname="backend.tests.test_fakturaflow_phase3" name="test_list_profiles_returns_default" time="0.563" /><testcase classname="backend.tests.test_fakturaflow_phase3" name="test_update_profile" time="0.228" /><testcase classname="backend.tests.test_fakturaflow_phase3" name="test_set_default_profile" time="0.150" /><testcase classname="backend.tests.test_fakturaflow_phase3" name="test_cannot_delete_only_profile" time="0.427" /><testcase classname="backend.tests.test_fakturaflow_phase3" name="test_clients_isolated_between_profiles" time="0.204" /><testcase classname="backend.tests.test_fakturaflow_phase3" name="test_invoice_isolated_between_profiles" time="0.144" /><testcase classname="backend.tests.test_fakturaflow_phase3" name="test_expense_isolated_between_profiles" time="0.098" /><testcase classname="backend.tests.test_fakturaflow_phase3" name="test_list_projects_with_stats" time="0.099" /><testcase classname="backend.tests.test_fakturaflow_phase3" name="test_get_project_aggregate" time="0.051" /><testcase classname="backend.tests.test_fakturaflow_phase3" name="test_update_project" time="0.098" /><testcase classname="backend.tests.test_fakturaflow_phase3" name="test_list_time_entries" time="0.144" /><testcase classname="backend.tests.test_fakturaflow_phase3" name="test_convert_time_to_invoice" time="0.100" /><testcase classname="backend.tests.test_fakturaflow_phase3" name="test_tags_aggregation" time="0.249" /><testcase classname="backend.tests.test_fakturaflow_phase3" name="test_tags_on_invoice" time="0.144" /><testcase classname="backend.tests.test_fakturaflow_phase3" name="test_document_upload_list_download_delete" time="0.248" /><testcase classname="backend.tests.test_fakturaflow_phase3" name="test_document_invalid_entity_type" time="0.050" /><testcase classname="backend.tests.test_fakturaflow_phase3" name="test_modelo_303_pdf" time="0.135" /><testcase classname="backend.tests.test_fakturaflow_phase3" name="test_modelo_130_pdf" time="0.058" /><testcase classname="backend.tests.test_fakturaflow_phase3" name="test_modelo_390_pdf" time="0.057" /><testcase classname="backend.tests.test_fakturaflow_phase3" name="test_preparar_trimestre_zip" time="0.060" /><testcase classname="backend.tests.test_fakturaflow_phase3" name="test_existing_user_has_default_profile" time="0.476" /><testcase classname="backend.tests.test_fakturaflow_phase3" name="test_no_header_falls_back_to_default" time="0.052" /><testcase classname="backend.tests.test_fakturaflow_phase3" name="test_clients_have_profile_id_field" time="0.050" /><testcase classname="backend.tests.test_fakturaflow_phase3" name="test_zz_cleanup" time="0.247" /></testsuite></testsuites>