<?xml version="1.0" encoding="utf-8"?><testsuites name="pytest tests"><testsuite name="pytest" errors="0" failures="1" skipped="0" tests="22" time="4.930" timestamp="2026-05-10T17:25:11.816427+00:00" hostname="agent-env-7b25455d-d35a-4428-be3b-71d012185098"><testcase classname="backend.tests.test_fakturaflow_phase2" name="test_ai_ocr_pdf_accepted" time="1.437" /><testcase classname="backend.tests.test_fakturaflow_phase2" name="test_ai_ocr_invalid_format_rejected" time="0.059" /><testcase classname="backend.tests.test_fakturaflow_phase2" name="test_quotes_list" time="0.169" /><testcase classname="backend.tests.test_fakturaflow_phase2" name="test_quote_get" time="0.050" /><testcase classname="backend.tests.test_fakturaflow_phase2" name="test_quote_update" time="0.052" /><testcase classname="backend.tests.test_fakturaflow_phase2" name="test_quote_pdf" time="0.129" /><testcase classname="backend.tests.test_fakturaflow_phase2" name="test_quote_convert_creates_invoice" time="0.111" /><testcase classname="backend.tests.test_fakturaflow_phase2" name="test_quote_double_convert_rejected" time="0.049" /><testcase classname="backend.tests.test_fakturaflow_phase2" name="test_rectify_creates_negative_invoice" time="0.103" /><testcase classname="backend.tests.test_fakturaflow_phase2" name="test_payment_partial_then_full" time="0.159"><failure message="AssertionError: assert 'vencida' == 'pendiente'&#10;  &#10;  - pendiente&#10;  + vencida">backend/tests/test_fakturaflow_phase2.py:194: in test_payment_partial_then_full
    assert inv["status"] == "pendiente"
E   AssertionError: assert 'vencida' == 'pendiente'
E     
E     - pendiente
E     + vencida</failure></testcase><testcase classname="backend.tests.test_fakturaflow_phase2" name="test_clients_morosos" time="0.157" /><testcase classname="backend.tests.test_fakturaflow_phase2" name="test_fiscal_projection_shape" time="0.051" /><testcase classname="backend.tests.test_fakturaflow_phase2" name="test_accounting_books_year" time="0.049" /><testcase classname="backend.tests.test_fakturaflow_phase2" name="test_accounting_books_quarter" time="0.050" /><testcase classname="backend.tests.test_fakturaflow_phase2" name="test_ai_chat_session_persistence" time="0.785" /><testcase classname="backend.tests.test_fakturaflow_phase2" name="test_user_b_cannot_access_a_quote" time="0.389" /><testcase classname="backend.tests.test_fakturaflow_phase2" name="test_user_b_cannot_access_a_invoice" time="0.049" /><testcase classname="backend.tests.test_fakturaflow_phase2" name="test_user_b_cannot_access_a_payments" time="0.052" /><testcase classname="backend.tests.test_fakturaflow_phase2" name="test_user_b_cannot_see_a_chat_history" time="0.365" /><testcase classname="backend.tests.test_fakturaflow_phase2" name="test_dashboard_still_works" time="0.063" /><testcase classname="backend.tests.test_fakturaflow_phase2" name="test_invoices_list_with_type_filter" time="0.061" /><testcase classname="backend.tests.test_fakturaflow_phase2" name="test_zz_cleanup" time="0.303" /></testsuite></testsuites>