<?xml version="1.0" encoding="utf-8"?><testsuites name="pytest tests"><testsuite name="pytest" errors="0" failures="0" skipped="0" tests="20" time="5.026" timestamp="2026-05-10T18:13:36.392978+00:00" hostname="agent-env-7b25455d-d35a-4428-be3b-71d012185098"><testcase classname="backend.tests.test_fakturaflow_phase3_v2" name="test_subscription_plans_list" time="0.203" /><testcase classname="backend.tests.test_fakturaflow_phase3_v2" name="test_subscription_get_default_free" time="0.386" /><testcase classname="backend.tests.test_fakturaflow_phase3_v2" name="test_subscription_checkout_creates_session" time="0.547" /><testcase classname="backend.tests.test_fakturaflow_phase3_v2" name="test_subscription_cancel_returns_to_free" time="0.098" /><testcase classname="backend.tests.test_fakturaflow_phase3_v2" name="test_verifactu_first_invoice_zero_prev_hash" time="0.323" /><testcase classname="backend.tests.test_fakturaflow_phase3_v2" name="test_verifactu_second_invoice_chains" time="0.058" /><testcase classname="backend.tests.test_fakturaflow_phase3_v2" name="test_public_verifactu_unauthenticated" time="0.110" /><testcase classname="backend.tests.test_fakturaflow_phase3_v2" name="test_public_verifactu_unknown_uuid_404" time="0.103" /><testcase classname="backend.tests.test_fakturaflow_phase3_v2" name="test_advisor_review_returns_checks_and_ai" time="1.527" /><testcase classname="backend.tests.test_fakturaflow_phase3_v2" name="test_ocr_advanced_duplicate_detection" time="0.243" /><testcase classname="backend.tests.test_fakturaflow_phase3_v2" name="test_quote_share_returns_token_and_url" time="0.102" /><testcase classname="backend.tests.test_fakturaflow_phase3_v2" name="test_public_quote_get_unauthenticated" time="0.111" /><testcase classname="backend.tests.test_fakturaflow_phase3_v2" name="test_public_quote_action_accept_records_signature" time="0.160" /><testcase classname="backend.tests.test_fakturaflow_phase3_v2" name="test_backup_export_zip" time="0.056" /><testcase classname="backend.tests.test_fakturaflow_phase3_v2" name="test_business_health_scores" time="0.061" /><testcase classname="backend.tests.test_fakturaflow_phase3_v2" name="test_reminders_returns_list" time="0.049" /><testcase classname="backend.tests.test_fakturaflow_phase3_v2" name="test_reminders_includes_overdue_when_present" time="0.146" /><testcase classname="backend.tests.test_fakturaflow_phase3_v2" name="test_profile_scoping_subscription_and_health" time="0.191" /><testcase classname="backend.tests.test_fakturaflow_phase3_v2" name="test_phase1_endpoints_still_work" time="0.255" /><testcase classname="backend.tests.test_fakturaflow_phase3_v2" name="test_zz_cleanup" time="0.193" /></testsuite></testsuites>