<?xml version="1.0" encoding="utf-8"?><testsuites name="pytest tests"><testsuite name="pytest" errors="0" failures="1" skipped="0" tests="31" time="3.981" timestamp="2026-06-01T14:44:24.013241+00:00" hostname="agent-env-7b25455d-d35a-4428-be3b-71d012185098"><testcase classname="backend.tests.test_fakturaflow_phase4.TestAudit" name="test_audit_lists_events_for_client_crud" time="0.878" /><testcase classname="backend.tests.test_fakturaflow_phase4.TestCsvExport" name="test_export_clients_csv" time="0.053" /><testcase classname="backend.tests.test_fakturaflow_phase4.TestCsvExport" name="test_export_invoices_csv" time="0.103" /><testcase classname="backend.tests.test_fakturaflow_phase4.TestCsvExport" name="test_export_expenses_csv" time="0.047" /><testcase classname="backend.tests.test_fakturaflow_phase4.TestCsvImport" name="test_import_clients_minimal" time="0.101" /><testcase classname="backend.tests.test_fakturaflow_phase4.TestCsvImport" name="test_import_expenses_minimal" time="0.101" /><testcase classname="backend.tests.test_fakturaflow_phase4.TestCsvImport" name="test_import_invoices_minimal" time="0.101" /><testcase classname="backend.tests.test_fakturaflow_phase4.TestAdvancedSearch" name="test_search_invoices_by_date" time="0.048" /><testcase classname="backend.tests.test_fakturaflow_phase4.TestAdvancedSearch" name="test_search_invoices_amount_range" time="0.050" /><testcase classname="backend.tests.test_fakturaflow_phase4.TestAdvancedSearch" name="test_search_invoices_status" time="0.046" /><testcase classname="backend.tests.test_fakturaflow_phase4.TestAdvancedSearch" name="test_search_clients_query" time="0.047" /><testcase classname="backend.tests.test_fakturaflow_phase4.TestEmailTemplates" name="test_defaults_present" time="0.049" /><testcase classname="backend.tests.test_fakturaflow_phase4.TestEmailTemplates" name="test_crud_custom_template" time="0.145" /><testcase classname="backend.tests.test_fakturaflow_phase4.TestEmailTemplates" name="test_preview_renders_vars" time="0.047" /><testcase classname="backend.tests.test_fakturaflow_phase4.TestGestorPortal" name="test_create_token_and_public_endpoints" time="0.368" /><testcase classname="backend.tests.test_fakturaflow_phase4.TestContract" name="test_contract_pdf" time="0.208" /><testcase classname="backend.tests.test_fakturaflow_phase4.TestSignature" name="test_upload_cert_wrong_password_rejected" time="0.054" /><testcase classname="backend.tests.test_fakturaflow_phase4.TestSignature" name="test_upload_cert_correct_password" time="0.048"><failure message="AssertionError: {&quot;detail&quot;:&quot;Certificado inválido o contraseña incorrecta&quot;}&#10;assert 400 == 200&#10; +  where 400 = &lt;Response [400]&gt;.status_code">E   AssertionError: {"detail":"Certificado inválido o contraseña incorrecta"}
    assert 400 == 200
     +  where 400 = &lt;Response [400]&gt;.status_code</failure></testcase><testcase classname="backend.tests.test_fakturaflow_phase4.TestSignature" name="test_signed_pdf_visual" time="0.118" /><testcase classname="backend.tests.test_fakturaflow_phase4.TestSignature" name="test_delete_cert" time="0.094" /><testcase classname="backend.tests.test_fakturaflow_phase4.TestLogo" name="test_logo_persisted_in_profile" time="0.104" /><testcase classname="backend.tests.test_fakturaflow_phase4.TestLogo" name="test_invoice_pdf_renders_with_logo" time="0.076" /><testcase classname="backend.tests.test_fakturaflow_phase4.TestRegression" name="test_me" time="0.048" /><testcase classname="backend.tests.test_fakturaflow_phase4.TestRegression" name="test_invoices_list" time="0.046" /><testcase classname="backend.tests.test_fakturaflow_phase4.TestRegression" name="test_dashboard" time="0.048" /><testcase classname="backend.tests.test_fakturaflow_phase4.TestRegression" name="test_clients_list" time="0.049" /><testcase classname="backend.tests.test_fakturaflow_phase4.TestRegression" name="test_quotes_list" time="0.052" /><testcase classname="backend.tests.test_fakturaflow_phase4.TestRegression" name="test_expenses_list" time="0.052" /><testcase classname="backend.tests.test_fakturaflow_phase4.TestRegression" name="test_hacienda_modelo_303" time="0.057" /><testcase classname="backend.tests.test_fakturaflow_phase4.TestRegression" name="test_verifactu_status" time="0.049" /><testcase classname="backend.tests.test_fakturaflow_phase4.TestZzCleanup" name="test_cleanup_test_data" time="0.580" /></testsuite></testsuites>