<?xml version="1.0" encoding="utf-8"?><testsuites name="pytest tests"><testsuite name="pytest" errors="0" failures="0" skipped="0" tests="47" time="9.831" timestamp="2026-05-10T17:26:04.727787+00:00" hostname="agent-env-7b25455d-d35a-4428-be3b-71d012185098"><testcase classname="backend.tests.test_fakturaflow" name="test_register_duplicate" time="0.510" /><testcase classname="backend.tests.test_fakturaflow" name="test_login_wrong" time="0.334" /><testcase classname="backend.tests.test_fakturaflow" name="test_login_ok" time="0.325" /><testcase classname="backend.tests.test_fakturaflow" name="test_me_requires_auth" time="0.134" /><testcase classname="backend.tests.test_fakturaflow" name="test_me_ok" time="0.047" /><testcase classname="backend.tests.test_fakturaflow" name="test_logout" time="0.375" /><testcase classname="backend.tests.test_fakturaflow" name="test_clients_list" time="0.095" /><testcase classname="backend.tests.test_fakturaflow" name="test_client_update" time="0.097" /><testcase classname="backend.tests.test_fakturaflow" name="test_invoice_get" time="0.099" /><testcase classname="backend.tests.test_fakturaflow" name="test_invoice_duplicate" time="0.050" /><testcase classname="backend.tests.test_fakturaflow" name="test_invoice_pdf" time="0.118" /><testcase classname="backend.tests.test_fakturaflow" name="test_expenses_list" time="0.105" /><testcase classname="backend.tests.test_fakturaflow" name="test_expense_update" time="0.052" /><testcase classname="backend.tests.test_fakturaflow" name="test_dashboard" time="0.053" /><testcase classname="backend.tests.test_fakturaflow" name="test_quarter_report" time="0.055" /><testcase classname="backend.tests.test_fakturaflow" name="test_year_report" time="0.052" /><testcase classname="backend.tests.test_fakturaflow" name="test_quarter_invalid" time="0.055" /><testcase classname="backend.tests.test_fakturaflow" name="test_fiscal_calendar" time="0.049" /><testcase classname="backend.tests.test_fakturaflow" name="test_settings_get_put" time="0.168" /><testcase classname="backend.tests.test_fakturaflow" name="test_search" time="0.050" /><testcase classname="backend.tests.test_fakturaflow" name="test_user_scoping" time="0.421" /><testcase classname="backend.tests.test_fakturaflow" name="test_ai_generate_concept" time="0.483" /><testcase classname="backend.tests.test_fakturaflow" name="test_ai_financial_summary" time="0.633" /><testcase classname="backend.tests.test_fakturaflow" name="test_ai_ocr_receipt" time="0.549" /><testcase classname="backend.tests.test_fakturaflow" name="test_zz_delete" time="0.148" /><testcase classname="backend.tests.test_fakturaflow_phase2" name="test_ai_ocr_pdf_accepted" time="1.050" /><testcase classname="backend.tests.test_fakturaflow_phase2" name="test_ai_ocr_invalid_format_rejected" time="0.059" /><testcase classname="backend.tests.test_fakturaflow_phase2" name="test_quotes_list" time="0.214" /><testcase classname="backend.tests.test_fakturaflow_phase2" name="test_quote_get" time="0.071" /><testcase classname="backend.tests.test_fakturaflow_phase2" name="test_quote_update" time="0.056" /><testcase classname="backend.tests.test_fakturaflow_phase2" name="test_quote_pdf" time="0.077" /><testcase classname="backend.tests.test_fakturaflow_phase2" name="test_quote_convert_creates_invoice" time="0.117" /><testcase classname="backend.tests.test_fakturaflow_phase2" name="test_quote_double_convert_rejected" time="0.054" /><testcase classname="backend.tests.test_fakturaflow_phase2" name="test_rectify_creates_negative_invoice" time="0.110" /><testcase classname="backend.tests.test_fakturaflow_phase2" name="test_payment_partial_then_full" time="0.458" /><testcase classname="backend.tests.test_fakturaflow_phase2" name="test_clients_morosos" time="0.172" /><testcase classname="backend.tests.test_fakturaflow_phase2" name="test_fiscal_projection_shape" time="0.054" /><testcase classname="backend.tests.test_fakturaflow_phase2" name="test_accounting_books_year" time="0.056" /><testcase classname="backend.tests.test_fakturaflow_phase2" name="test_accounting_books_quarter" time="0.057" /><testcase classname="backend.tests.test_fakturaflow_phase2" name="test_ai_chat_session_persistence" time="0.765" /><testcase classname="backend.tests.test_fakturaflow_phase2" name="test_user_b_cannot_access_a_quote" time="0.427" /><testcase classname="backend.tests.test_fakturaflow_phase2" name="test_user_b_cannot_access_a_invoice" time="0.053" /><testcase classname="backend.tests.test_fakturaflow_phase2" name="test_user_b_cannot_access_a_payments" time="0.056" /><testcase classname="backend.tests.test_fakturaflow_phase2" name="test_user_b_cannot_see_a_chat_history" time="0.340" /><testcase classname="backend.tests.test_fakturaflow_phase2" name="test_dashboard_still_works" time="0.067" /><testcase classname="backend.tests.test_fakturaflow_phase2" name="test_invoices_list_with_type_filter" time="0.056" /><testcase classname="backend.tests.test_fakturaflow_phase2" name="test_zz_cleanup" time="0.272" /></testsuite></testsuites>