<?xml version="1.0" encoding="utf-8"?><testsuites name="pytest tests"><testsuite name="pytest" errors="0" failures="1" skipped="0" tests="47" time="9.494" timestamp="2026-05-10T17:52:24.752625+00:00" hostname="agent-env-7b25455d-d35a-4428-be3b-71d012185098"><testcase classname="backend.tests.test_fakturaflow" name="test_register_duplicate" time="0.488" /><testcase classname="backend.tests.test_fakturaflow" name="test_login_wrong" time="0.355" /><testcase classname="backend.tests.test_fakturaflow" name="test_login_ok" time="0.324" /><testcase classname="backend.tests.test_fakturaflow" name="test_me_requires_auth" time="0.106" /><testcase classname="backend.tests.test_fakturaflow" name="test_me_ok" time="0.047" /><testcase classname="backend.tests.test_fakturaflow" name="test_logout" time="0.377" /><testcase classname="backend.tests.test_fakturaflow" name="test_clients_list" time="0.091" /><testcase classname="backend.tests.test_fakturaflow" name="test_client_update" time="0.095" /><testcase classname="backend.tests.test_fakturaflow" name="test_invoice_get" time="0.100" /><testcase classname="backend.tests.test_fakturaflow" name="test_invoice_duplicate" time="0.048" /><testcase classname="backend.tests.test_fakturaflow" name="test_invoice_pdf" time="0.049" /><testcase classname="backend.tests.test_fakturaflow" name="test_expenses_list" time="0.094" /><testcase classname="backend.tests.test_fakturaflow" name="test_expense_update" time="0.047" /><testcase classname="backend.tests.test_fakturaflow" name="test_dashboard" time="0.050" /><testcase classname="backend.tests.test_fakturaflow" name="test_quarter_report" time="0.049" /><testcase classname="backend.tests.test_fakturaflow" name="test_year_report" time="0.046" /><testcase classname="backend.tests.test_fakturaflow" name="test_quarter_invalid" time="0.047" /><testcase classname="backend.tests.test_fakturaflow" name="test_fiscal_calendar" time="0.045" /><testcase classname="backend.tests.test_fakturaflow" name="test_settings_get_put" time="0.090"><failure message="assert 405 == 200&#10; +  where 405 = &lt;Response [405]&gt;.status_code">backend/tests/test_fakturaflow.py:193: in test_settings_get_put
    assert r2.status_code == 200
E   assert 405 == 200
E    +  where 405 = &lt;Response [405]&gt;.status_code</failure></testcase><testcase classname="backend.tests.test_fakturaflow" name="test_search" time="0.049" /><testcase classname="backend.tests.test_fakturaflow" name="test_user_scoping" time="0.423" /><testcase classname="backend.tests.test_fakturaflow" name="test_ai_generate_concept" time="0.442" /><testcase classname="backend.tests.test_fakturaflow" name="test_ai_financial_summary" time="1.323" /><testcase classname="backend.tests.test_fakturaflow" name="test_ai_ocr_receipt" time="0.286" /><testcase classname="backend.tests.test_fakturaflow" name="test_zz_delete" time="0.142" /><testcase classname="backend.tests.test_fakturaflow_phase2" name="test_ai_ocr_pdf_accepted" time="1.003" /><testcase classname="backend.tests.test_fakturaflow_phase2" name="test_ai_ocr_invalid_format_rejected" time="0.050" /><testcase classname="backend.tests.test_fakturaflow_phase2" name="test_quotes_list" time="0.153" /><testcase classname="backend.tests.test_fakturaflow_phase2" name="test_quote_get" time="0.050" /><testcase classname="backend.tests.test_fakturaflow_phase2" name="test_quote_update" time="0.051" /><testcase classname="backend.tests.test_fakturaflow_phase2" name="test_quote_pdf" time="0.052" /><testcase classname="backend.tests.test_fakturaflow_phase2" name="test_quote_convert_creates_invoice" time="0.102" /><testcase classname="backend.tests.test_fakturaflow_phase2" name="test_quote_double_convert_rejected" time="0.047" /><testcase classname="backend.tests.test_fakturaflow_phase2" name="test_rectify_creates_negative_invoice" time="0.113" /><testcase classname="backend.tests.test_fakturaflow_phase2" name="test_payment_partial_then_full" time="0.392" /><testcase classname="backend.tests.test_fakturaflow_phase2" name="test_clients_morosos" time="0.150" /><testcase classname="backend.tests.test_fakturaflow_phase2" name="test_fiscal_projection_shape" time="0.051" /><testcase classname="backend.tests.test_fakturaflow_phase2" name="test_accounting_books_year" time="0.057" /><testcase classname="backend.tests.test_fakturaflow_phase2" name="test_accounting_books_quarter" time="0.047" /><testcase classname="backend.tests.test_fakturaflow_phase2" name="test_ai_chat_session_persistence" time="0.492" /><testcase classname="backend.tests.test_fakturaflow_phase2" name="test_user_b_cannot_access_a_quote" time="0.408" /><testcase classname="backend.tests.test_fakturaflow_phase2" name="test_user_b_cannot_access_a_invoice" time="0.068" /><testcase classname="backend.tests.test_fakturaflow_phase2" name="test_user_b_cannot_access_a_payments" time="0.080" /><testcase classname="backend.tests.test_fakturaflow_phase2" name="test_user_b_cannot_see_a_chat_history" time="0.410" /><testcase classname="backend.tests.test_fakturaflow_phase2" name="test_dashboard_still_works" time="0.054" /><testcase classname="backend.tests.test_fakturaflow_phase2" name="test_invoices_list_with_type_filter" time="0.053" /><testcase classname="backend.tests.test_fakturaflow_phase2" name="test_zz_cleanup" time="0.245" /></testsuite></testsuites>